<?xml version="1.0" encoding="UTF-8"?>
<!-- Generated by org.testng.reporters.JUnitReportReporter -->
<testsuite hostname="LAPTOP-9JP3EIJ7" failures="0" tests="2" name="runner.TestRunner" time="12.840" errors="0" timestamp="2022-12-04T21:15:34 IST" skipped="0">
  <testcase classname="runner.TestRunner" name="runScenario" time="6.420"/>
  <system-out/>
  <testcase classname="runner.TestRunner" name="runScenario" time="6.420"/>
  <system-out/>
</testsuite> <!-- runner.TestRunner -->
