<?xml version="1.0" encoding="UTF-8"?>
<!-- Generated by org.testng.reporters.JUnitReportReporter -->
<testsuite hostname="LAPTOP-9JP3EIJ7" failures="0" tests="3" name="runner.TestRunner" time="138.726" errors="0" timestamp="2022-12-03T23:04:27 IST" skipped="0">
  <testcase classname="runner.TestRunner" name="runScenario" time="48.882"/>
  <system-out/>
  <testcase classname="runner.TestRunner" name="runScenario" time="57.460"/>
  <system-out/>
  <testcase classname="runner.TestRunner" name="runScenario" time="32.384"/>
  <system-out/>
</testsuite> <!-- runner.TestRunner -->
